TN:
SF:src/app/calendarService.js
FN:3,parseDate
FN:9,getDayOfWeek
FN:14,isWeekend
FN:18,formatDate
FN:25,normaliseEntry
FN:68,createBaseDayInfo
FN:86,createCalendarService
FN:89,buildDayInfo
FN:122,applyOverrides
FN:140,classifyDate
FN:144,getDayInfo
FN:150,classifyWithOverride
FN:154,getYearCalendar
FN:167,setOverride
FN:174,clearOverride
FN:178,getRawCalendar
FNF:16
FNH:16
FNDA:755,parseDate
FNDA:755,getDayOfWeek
FNDA:753,isWeekend
FNDA:730,formatDate
FNDA:31,normaliseEntry
FNDA:753,createBaseDayInfo
FNDA:20,createCalendarService
FNDA:755,buildDayInfo
FNDA:736,applyOverrides
FNDA:11,classifyDate
FNDA:737,getDayInfo
FNDA:1,classifyWithOverride
FNDA:2,getYearCalendar
FNDA:5,setOverride
FNDA:1,clearOverride
FNDA:1,getRawCalendar
DA:1,1
DA:4,755
DA:5,755
DA:6,753
DA:10,755
DA:11,755
DA:15,753
DA:19,730
DA:20,730
DA:21,730
DA:22,730
DA:26,31
DA:27,31
DA:30,31
DA:32,31
DA:34,11
DA:35,11
DA:37,4
DA:38,4
DA:40,4
DA:41,4
DA:43,4
DA:44,4
DA:45,4
DA:47,4
DA:48,4
DA:50,4
DA:51,4
DA:53,0
DA:56,31
DA:69,753
DA:70,753
DA:87,20
DA:90,755
DA:91,755
DA:93,753
DA:94,753
DA:96,753
DA:97,31
DA:99,31
DA:100,27
DA:103,31
DA:105,31
DA:106,4
DA:109,31
DA:110,31
DA:111,31
DA:112,31
DA:113,31
DA:116,753
DA:117,753
DA:119,753
DA:123,736
DA:124,736
DA:126,3
DA:128,3
DA:129,1
DA:130,1
DA:131,1
DA:133,3
DA:134,3
DA:135,3
DA:137,3
DA:141,11
DA:145,737
DA:146,737
DA:147,736
DA:151,1
DA:155,2
DA:156,2
DA:157,2
DA:159,2
DA:160,730
DA:161,730
DA:164,2
DA:168,5
DA:169,4
DA:171,5
DA:175,1
DA:179,1
DA:180,1
DA:181,7
DA:183,1
DA:186,20
LF:84
LH:83
BRDA:5,0,0,2
BRDA:5,0,1,753
BRDA:11,1,0,753
BRDA:11,1,1,2
BRDA:15,2,0,753
BRDA:15,2,1,647
BRDA:32,3,0,11
BRDA:32,3,1,4
BRDA:32,3,2,4
BRDA:32,3,3,4
BRDA:32,3,4,4
BRDA:32,3,5,4
BRDA:32,3,6,0
BRDA:60,4,0,31
BRDA:60,4,1,12
BRDA:61,5,0,31
BRDA:61,5,1,20
BRDA:62,6,0,31
BRDA:62,6,1,19
BRDA:63,7,0,31
BRDA:63,7,1,23
BRDA:64,8,0,31
BRDA:64,8,1,20
BRDA:72,9,0,213
BRDA:72,9,1,540
BRDA:86,10,0,20
BRDA:91,11,0,2
BRDA:91,11,1,753
BRDA:96,12,0,31
BRDA:96,12,1,722
BRDA:99,13,0,27
BRDA:99,13,1,4
BRDA:105,14,0,4
BRDA:105,14,1,27
BRDA:109,15,0,19
BRDA:109,15,1,12
BRDA:110,16,0,11
BRDA:110,16,1,20
BRDA:111,17,0,12
BRDA:111,17,1,19
BRDA:112,18,0,8
BRDA:112,18,1,23
BRDA:113,19,0,11
BRDA:113,19,1,20
BRDA:124,20,0,733
BRDA:124,20,1,3
BRDA:128,21,0,1
BRDA:128,21,1,2
BRDA:133,22,0,1
BRDA:133,22,1,2
BRDA:134,23,0,1
BRDA:134,23,1,2
BRDA:135,24,0,1
BRDA:135,24,1,2
BRDA:146,25,0,1
BRDA:146,25,1,736
BRDA:168,26,0,4
BRDA:168,26,1,1
BRF:58
BRH:57
end_of_record
